  RubiksCube.cpp
D:\4.godina\RG\Projekat\2D_15Nov\rubiks-cube-opengl\RubiksCube\RubiksCube.cpp(44,64): warning C4305: 'initializing': truncation from 'double' to 'float'
D:\4.godina\RG\Projekat\2D_15Nov\rubiks-cube-opengl\RubiksCube\RubiksCube.cpp(44,70): warning C4305: 'initializing': truncation from 'double' to 'float'
D:\4.godina\RG\Projekat\2D_15Nov\rubiks-cube-opengl\RubiksCube\RubiksCube.cpp(44,76): warning C4305: 'initializing': truncation from 'double' to 'float'
D:\4.godina\RG\Projekat\2D_15Nov\rubiks-cube-opengl\RubiksCube\RubiksCube.cpp(44,94): warning C4305: 'initializing': truncation from 'double' to 'float'
D:\4.godina\RG\Projekat\2D_15Nov\rubiks-cube-opengl\RubiksCube\RubiksCube.cpp(44,100): warning C4305: 'initializing': truncation from 'double' to 'float'
D:\4.godina\RG\Projekat\2D_15Nov\rubiks-cube-opengl\RubiksCube\RubiksCube.cpp(44,106): warning C4305: 'initializing': truncation from 'double' to 'float'
D:\4.godina\RG\Projekat\2D_15Nov\rubiks-cube-opengl\RubiksCube\RubiksCube.cpp(44,130): warning C4305: 'initializing': truncation from 'double' to 'float'
D:\4.godina\RG\Projekat\2D_15Nov\rubiks-cube-opengl\RubiksCube\RubiksCube.cpp(44,136): warning C4305: 'initializing': truncation from 'double' to 'float'
D:\4.godina\RG\Projekat\2D_15Nov\rubiks-cube-opengl\RubiksCube\RubiksCube.cpp(44,142): warning C4305: 'initializing': truncation from 'double' to 'float'
D:\4.godina\RG\Projekat\2D_15Nov\rubiks-cube-opengl\RubiksCube\RubiksCube.cpp(44,148): warning C4305: 'initializing': truncation from 'double' to 'float'
D:\4.godina\RG\Projekat\2D_15Nov\rubiks-cube-opengl\RubiksCube\RubiksCube.cpp(44,154): warning C4305: 'initializing': truncation from 'double' to 'float'
D:\4.godina\RG\Projekat\2D_15Nov\rubiks-cube-opengl\RubiksCube\RubiksCube.cpp(44,160): warning C4305: 'initializing': truncation from 'double' to 'float'
D:\4.godina\RG\Projekat\2D_15Nov\rubiks-cube-opengl\RubiksCube\RubiksCube.cpp(44,167): warning C4305: 'initializing': truncation from 'double' to 'float'
D:\4.godina\RG\Projekat\2D_15Nov\rubiks-cube-opengl\RubiksCube\RubiksCube.cpp(44,174): warning C4305: 'initializing': truncation from 'double' to 'float'
D:\4.godina\RG\Projekat\2D_15Nov\rubiks-cube-opengl\RubiksCube\RubiksCube.cpp(44,181): warning C4305: 'initializing': truncation from 'double' to 'float'
D:\4.godina\RG\Projekat\2D_15Nov\rubiks-cube-opengl\RubiksCube\RubiksCube.cpp(44,188): warning C4305: 'initializing': truncation from 'double' to 'float'
D:\4.godina\RG\Projekat\2D_15Nov\rubiks-cube-opengl\RubiksCube\RubiksCube.cpp(44,195): warning C4305: 'initializing': truncation from 'double' to 'float'
D:\4.godina\RG\Projekat\2D_15Nov\rubiks-cube-opengl\RubiksCube\RubiksCube.cpp(44,202): warning C4305: 'initializing': truncation from 'double' to 'float'
D:\4.godina\RG\Projekat\2D_15Nov\rubiks-cube-opengl\RubiksCube\RubiksCube.cpp(44,209): warning C4305: 'initializing': truncation from 'double' to 'float'
D:\4.godina\RG\Projekat\2D_15Nov\rubiks-cube-opengl\RubiksCube\RubiksCube.cpp(44,216): warning C4305: 'initializing': truncation from 'double' to 'float'
D:\4.godina\RG\Projekat\2D_15Nov\rubiks-cube-opengl\RubiksCube\RubiksCube.cpp(44,222): warning C4305: 'initializing': truncation from 'double' to 'float'
D:\4.godina\RG\Projekat\2D_15Nov\rubiks-cube-opengl\RubiksCube\RubiksCube.cpp(44,228): warning C4305: 'initializing': truncation from 'double' to 'float'
D:\4.godina\RG\Projekat\2D_15Nov\rubiks-cube-opengl\RubiksCube\RubiksCube.cpp(44,234): warning C4305: 'initializing': truncation from 'double' to 'float'
D:\4.godina\RG\Projekat\2D_15Nov\rubiks-cube-opengl\RubiksCube\RubiksCube.cpp(44,240): warning C4305: 'initializing': truncation from 'double' to 'float'
D:\4.godina\RG\Projekat\2D_15Nov\rubiks-cube-opengl\RubiksCube\RubiksCube.cpp(44,246): warning C4305: 'initializing': truncation from 'double' to 'float'
D:\4.godina\RG\Projekat\2D_15Nov\rubiks-cube-opengl\RubiksCube\RubiksCube.cpp(44,252): warning C4305: 'initializing': truncation from 'double' to 'float'
D:\4.godina\RG\Projekat\2D_15Nov\rubiks-cube-opengl\RubiksCube\RubiksCube.cpp(44,258): warning C4305: 'initializing': truncation from 'double' to 'float'
D:\4.godina\RG\Projekat\2D_15Nov\rubiks-cube-opengl\RubiksCube\RubiksCube.cpp(44,264): warning C4305: 'initializing': truncation from 'double' to 'float'
D:\4.godina\RG\Projekat\2D_15Nov\rubiks-cube-opengl\RubiksCube\RubiksCube.cpp(44,270): warning C4305: 'initializing': truncation from 'double' to 'float'
D:\4.godina\RG\Projekat\2D_15Nov\rubiks-cube-opengl\RubiksCube\RubiksCube.cpp(44,276): warning C4305: 'initializing': truncation from 'double' to 'float'
D:\4.godina\RG\Projekat\2D_15Nov\rubiks-cube-opengl\RubiksCube\RubiksCube.cpp(44,282): warning C4305: 'initializing': truncation from 'double' to 'float'
D:\4.godina\RG\Projekat\2D_15Nov\rubiks-cube-opengl\RubiksCube\RubiksCube.cpp(44,288): warning C4305: 'initializing': truncation from 'double' to 'float'
D:\4.godina\RG\Projekat\2D_15Nov\rubiks-cube-opengl\RubiksCube\RubiksCube.cpp(44,294): warning C4305: 'initializing': truncation from 'double' to 'float'
D:\4.godina\RG\Projekat\2D_15Nov\rubiks-cube-opengl\RubiksCube\RubiksCube.cpp(44,300): warning C4305: 'initializing': truncation from 'double' to 'float'
D:\4.godina\RG\Projekat\2D_15Nov\rubiks-cube-opengl\RubiksCube\RubiksCube.cpp(45,19): warning C4305: 'initializing': truncation from 'double' to 'float'
D:\4.godina\RG\Projekat\2D_15Nov\rubiks-cube-opengl\RubiksCube\RubiksCube.cpp(45,25): warning C4305: 'initializing': truncation from 'double' to 'float'
D:\4.godina\RG\Projekat\2D_15Nov\rubiks-cube-opengl\RubiksCube\RubiksCube.cpp(45,37): warning C4305: 'initializing': truncation from 'double' to 'float'
D:\4.godina\RG\Projekat\2D_15Nov\rubiks-cube-opengl\RubiksCube\RubiksCube.cpp(45,47): warning C4305: 'initializing': truncation from 'double' to 'float'
D:\4.godina\RG\Projekat\2D_15Nov\rubiks-cube-opengl\RubiksCube\RubiksCube.cpp(45,60): warning C4305: 'initializing': truncation from 'double' to 'float'
D:\4.godina\RG\Projekat\2D_15Nov\rubiks-cube-opengl\RubiksCube\RubiksCube.cpp(45,67): warning C4305: 'initializing': truncation from 'double' to 'float'
D:\4.godina\RG\Projekat\2D_15Nov\rubiks-cube-opengl\RubiksCube\RubiksCube.cpp(45,74): warning C4305: 'initializing': truncation from 'double' to 'float'
D:\4.godina\RG\Projekat\2D_15Nov\rubiks-cube-opengl\RubiksCube\RubiksCube.cpp(45,84): warning C4305: 'initializing': truncation from 'double' to 'float'
D:\4.godina\RG\Projekat\2D_15Nov\rubiks-cube-opengl\RubiksCube\RubiksCube.cpp(45,90): warning C4305: 'initializing': truncation from 'double' to 'float'
D:\4.godina\RG\Projekat\2D_15Nov\rubiks-cube-opengl\RubiksCube\RubiksCube.cpp(45,95): warning C4305: 'initializing': truncation from 'double' to 'float'
D:\4.godina\RG\Projekat\2D_15Nov\rubiks-cube-opengl\RubiksCube\RubiksCube.cpp(45,101): warning C4305: 'initializing': truncation from 'double' to 'float'
D:\4.godina\RG\Projekat\2D_15Nov\rubiks-cube-opengl\RubiksCube\RubiksCube.cpp(45,111): warning C4305: 'initializing': truncation from 'double' to 'float'
D:\4.godina\RG\Projekat\2D_15Nov\rubiks-cube-opengl\RubiksCube\RubiksCube.cpp(45,117): warning C4305: 'initializing': truncation from 'double' to 'float'
D:\4.godina\RG\Projekat\2D_15Nov\rubiks-cube-opengl\RubiksCube\RubiksCube.cpp(45,127): warning C4305: 'initializing': truncation from 'double' to 'float'
D:\4.godina\RG\Projekat\2D_15Nov\rubiks-cube-opengl\RubiksCube\RubiksCube.cpp(45,133): warning C4305: 'initializing': truncation from 'double' to 'float'
D:\4.godina\RG\Projekat\2D_15Nov\rubiks-cube-opengl\RubiksCube\RubiksCube.cpp(45,138): warning C4305: 'initializing': truncation from 'double' to 'float'
D:\4.godina\RG\Projekat\2D_15Nov\rubiks-cube-opengl\RubiksCube\RubiksCube.cpp(45,144): warning C4305: 'initializing': truncation from 'double' to 'float'
D:\4.godina\RG\Projekat\2D_15Nov\rubiks-cube-opengl\RubiksCube\RubiksCube.cpp(45,154): warning C4305: 'initializing': truncation from 'double' to 'float'
D:\4.godina\RG\Projekat\2D_15Nov\rubiks-cube-opengl\RubiksCube\RubiksCube.cpp(45,160): warning C4305: 'initializing': truncation from 'double' to 'float'
D:\4.godina\RG\Projekat\2D_15Nov\rubiks-cube-opengl\RubiksCube\RubiksCube.cpp(45,170): warning C4305: 'initializing': truncation from 'double' to 'float'
D:\4.godina\RG\Projekat\2D_15Nov\rubiks-cube-opengl\RubiksCube\RubiksCube.cpp(45,176): warning C4305: 'initializing': truncation from 'double' to 'float'
D:\4.godina\RG\Projekat\2D_15Nov\rubiks-cube-opengl\RubiksCube\RubiksCube.cpp(45,181): warning C4305: 'initializing': truncation from 'double' to 'float'
D:\4.godina\RG\Projekat\2D_15Nov\rubiks-cube-opengl\RubiksCube\RubiksCube.cpp(45,187): warning C4305: 'initializing': truncation from 'double' to 'float'
D:\4.godina\RG\Projekat\2D_15Nov\rubiks-cube-opengl\RubiksCube\RubiksCube.cpp(45,197): warning C4305: 'initializing': truncation from 'double' to 'float'
D:\4.godina\RG\Projekat\2D_15Nov\rubiks-cube-opengl\RubiksCube\RubiksCube.cpp(45,203): warning C4305: 'initializing': truncation from 'double' to 'float'
D:\4.godina\RG\Projekat\2D_15Nov\rubiks-cube-opengl\RubiksCube\RubiksCube.cpp(45,209): warning C4305: 'initializing': truncation from 'double' to 'float'
D:\4.godina\RG\Projekat\2D_15Nov\rubiks-cube-opengl\RubiksCube\RubiksCube.cpp(45,221): warning C4305: 'initializing': truncation from 'double' to 'float'
D:\4.godina\RG\Projekat\2D_15Nov\rubiks-cube-opengl\RubiksCube\RubiksCube.cpp(45,231): warning C4305: 'initializing': truncation from 'double' to 'float'
D:\4.godina\RG\Projekat\2D_15Nov\rubiks-cube-opengl\RubiksCube\RubiksCube.cpp(45,244): warning C4305: 'initializing': truncation from 'double' to 'float'
D:\4.godina\RG\Projekat\2D_15Nov\rubiks-cube-opengl\RubiksCube\RubiksCube.cpp(45,251): warning C4305: 'initializing': truncation from 'double' to 'float'
D:\4.godina\RG\Projekat\2D_15Nov\rubiks-cube-opengl\RubiksCube\RubiksCube.cpp(45,258): warning C4305: 'initializing': truncation from 'double' to 'float'
D:\4.godina\RG\Projekat\2D_15Nov\rubiks-cube-opengl\RubiksCube\RubiksCube.cpp(45,270): warning C4305: 'initializing': truncation from 'double' to 'float'
D:\4.godina\RG\Projekat\2D_15Nov\rubiks-cube-opengl\RubiksCube\RubiksCube.cpp(45,275): warning C4305: 'initializing': truncation from 'double' to 'float'
D:\4.godina\RG\Projekat\2D_15Nov\rubiks-cube-opengl\RubiksCube\RubiksCube.cpp(45,288): warning C4305: 'initializing': truncation from 'double' to 'float'
D:\4.godina\RG\Projekat\2D_15Nov\rubiks-cube-opengl\RubiksCube\RubiksCube.cpp(82,3): warning C4305: 'initializing': truncation from 'double' to 'float'
D:\4.godina\RG\Projekat\2D_15Nov\rubiks-cube-opengl\RubiksCube\RubiksCube.cpp(82,11): warning C4305: 'initializing': truncation from 'double' to 'float'
D:\4.godina\RG\Projekat\2D_15Nov\rubiks-cube-opengl\RubiksCube\RubiksCube.cpp(83,3): warning C4305: 'initializing': truncation from 'double' to 'float'
D:\4.godina\RG\Projekat\2D_15Nov\rubiks-cube-opengl\RubiksCube\RubiksCube.cpp(83,11): warning C4305: 'initializing': truncation from 'double' to 'float'
D:\4.godina\RG\Projekat\2D_15Nov\rubiks-cube-opengl\RubiksCube\RubiksCube.cpp(84,11): warning C4305: 'initializing': truncation from 'double' to 'float'
D:\4.godina\RG\Projekat\2D_15Nov\rubiks-cube-opengl\RubiksCube\RubiksCube.cpp(85,11): warning C4305: 'initializing': truncation from 'double' to 'float'
D:\4.godina\RG\Projekat\2D_15Nov\rubiks-cube-opengl\RubiksCube\RubiksCube.cpp(90,3): warning C4305: 'initializing': truncation from 'double' to 'float'
D:\4.godina\RG\Projekat\2D_15Nov\rubiks-cube-opengl\RubiksCube\RubiksCube.cpp(90,11): warning C4305: 'initializing': truncation from 'double' to 'float'
D:\4.godina\RG\Projekat\2D_15Nov\rubiks-cube-opengl\RubiksCube\RubiksCube.cpp(91,3): warning C4305: 'initializing': truncation from 'double' to 'float'
D:\4.godina\RG\Projekat\2D_15Nov\rubiks-cube-opengl\RubiksCube\RubiksCube.cpp(91,11): warning C4305: 'initializing': truncation from 'double' to 'float'
D:\4.godina\RG\Projekat\2D_15Nov\rubiks-cube-opengl\RubiksCube\RubiksCube.cpp(92,3): warning C4305: 'initializing': truncation from 'double' to 'float'
D:\4.godina\RG\Projekat\2D_15Nov\rubiks-cube-opengl\RubiksCube\RubiksCube.cpp(92,11): warning C4305: 'initializing': truncation from 'double' to 'float'
D:\4.godina\RG\Projekat\2D_15Nov\rubiks-cube-opengl\RubiksCube\RubiksCube.cpp(93,3): warning C4305: 'initializing': truncation from 'double' to 'float'
D:\4.godina\RG\Projekat\2D_15Nov\rubiks-cube-opengl\RubiksCube\RubiksCube.cpp(93,11): warning C4305: 'initializing': truncation from 'double' to 'float'
D:\4.godina\RG\Projekat\2D_15Nov\rubiks-cube-opengl\RubiksCube\RubiksCube.cpp(97,10): warning C4305: 'initializing': truncation from 'double' to 'float'
D:\4.godina\RG\Projekat\2D_15Nov\rubiks-cube-opengl\RubiksCube\RubiksCube.cpp(98,10): warning C4305: 'initializing': truncation from 'double' to 'float'
D:\4.godina\RG\Projekat\2D_15Nov\rubiks-cube-opengl\RubiksCube\RubiksCube.cpp(99,3): warning C4305: 'initializing': truncation from 'double' to 'float'
D:\4.godina\RG\Projekat\2D_15Nov\rubiks-cube-opengl\RubiksCube\RubiksCube.cpp(99,10): warning C4305: 'initializing': truncation from 'double' to 'float'
D:\4.godina\RG\Projekat\2D_15Nov\rubiks-cube-opengl\RubiksCube\RubiksCube.cpp(100,3): warning C4305: 'initializing': truncation from 'double' to 'float'
D:\4.godina\RG\Projekat\2D_15Nov\rubiks-cube-opengl\RubiksCube\RubiksCube.cpp(100,10): warning C4305: 'initializing': truncation from 'double' to 'float'
D:\4.godina\RG\Projekat\2D_15Nov\rubiks-cube-opengl\RubiksCube\RubiksCube.cpp(104,3): warning C4305: 'initializing': truncation from 'double' to 'float'
D:\4.godina\RG\Projekat\2D_15Nov\rubiks-cube-opengl\RubiksCube\RubiksCube.cpp(104,10): warning C4305: 'initializing': truncation from 'double' to 'float'
D:\4.godina\RG\Projekat\2D_15Nov\rubiks-cube-opengl\RubiksCube\RubiksCube.cpp(105,3): warning C4305: 'initializing': truncation from 'double' to 'float'
D:\4.godina\RG\Projekat\2D_15Nov\rubiks-cube-opengl\RubiksCube\RubiksCube.cpp(105,10): warning C4305: 'initializing': truncation from 'double' to 'float'
D:\4.godina\RG\Projekat\2D_15Nov\rubiks-cube-opengl\RubiksCube\RubiksCube.cpp(106,3): warning C4305: 'initializing': truncation from 'double' to 'float'
D:\4.godina\RG\Projekat\2D_15Nov\rubiks-cube-opengl\RubiksCube\RubiksCube.cpp(106,10): warning C4305: 'initializing': truncation from 'double' to 'float'
D:\4.godina\RG\Projekat\2D_15Nov\rubiks-cube-opengl\RubiksCube\RubiksCube.cpp(107,3): warning C4305: 'initializing': truncation from 'double' to 'float'
D:\4.godina\RG\Projekat\2D_15Nov\rubiks-cube-opengl\RubiksCube\RubiksCube.cpp(107,10): warning C4305: 'initializing': truncation from 'double' to 'float'
D:\4.godina\RG\Projekat\2D_15Nov\rubiks-cube-opengl\RubiksCube\RubiksCube.cpp(111,3): warning C4305: 'initializing': truncation from 'double' to 'float'
D:\4.godina\RG\Projekat\2D_15Nov\rubiks-cube-opengl\RubiksCube\RubiksCube.cpp(111,11): warning C4305: 'initializing': truncation from 'double' to 'float'
D:\4.godina\RG\Projekat\2D_15Nov\rubiks-cube-opengl\RubiksCube\RubiksCube.cpp(112,3): warning C4305: 'initializing': truncation from 'double' to 'float'
D:\4.godina\RG\Projekat\2D_15Nov\rubiks-cube-opengl\RubiksCube\RubiksCube.cpp(112,11): warning C4305: 'initializing': truncation from 'double' to 'float'
D:\4.godina\RG\Projekat\2D_15Nov\rubiks-cube-opengl\RubiksCube\RubiksCube.cpp(113,11): warning C4305: 'initializing': truncation from 'double' to 'float'
D:\4.godina\RG\Projekat\2D_15Nov\rubiks-cube-opengl\RubiksCube\RubiksCube.cpp(114,11): warning C4305: 'initializing': truncation from 'double' to 'float'
D:\4.godina\RG\Projekat\2D_15Nov\rubiks-cube-opengl\RubiksCube\RubiksCube.cpp(118,3): warning C4305: 'initializing': truncation from 'double' to 'float'
D:\4.godina\RG\Projekat\2D_15Nov\rubiks-cube-opengl\RubiksCube\RubiksCube.cpp(118,11): warning C4305: 'initializing': truncation from 'double' to 'float'
D:\4.godina\RG\Projekat\2D_15Nov\rubiks-cube-opengl\RubiksCube\RubiksCube.cpp(119,3): warning C4305: 'initializing': truncation from 'double' to 'float'
D:\4.godina\RG\Projekat\2D_15Nov\rubiks-cube-opengl\RubiksCube\RubiksCube.cpp(119,11): warning C4305: 'initializing': truncation from 'double' to 'float'
D:\4.godina\RG\Projekat\2D_15Nov\rubiks-cube-opengl\RubiksCube\RubiksCube.cpp(120,11): warning C4305: 'initializing': truncation from 'double' to 'float'
D:\4.godina\RG\Projekat\2D_15Nov\rubiks-cube-opengl\RubiksCube\RubiksCube.cpp(121,11): warning C4305: 'initializing': truncation from 'double' to 'float'
D:\4.godina\RG\Projekat\2D_15Nov\rubiks-cube-opengl\RubiksCube\RubiksCube.cpp(127,11): warning C4305: 'initializing': truncation from 'double' to 'float'
D:\4.godina\RG\Projekat\2D_15Nov\rubiks-cube-opengl\RubiksCube\RubiksCube.cpp(128,11): warning C4305: 'initializing': truncation from 'double' to 'float'
D:\4.godina\RG\Projekat\2D_15Nov\rubiks-cube-opengl\RubiksCube\RubiksCube.cpp(129,3): warning C4305: 'initializing': truncation from 'double' to 'float'
D:\4.godina\RG\Projekat\2D_15Nov\rubiks-cube-opengl\RubiksCube\RubiksCube.cpp(129,11): warning C4305: 'initializing': truncation from 'double' to 'float'
D:\4.godina\RG\Projekat\2D_15Nov\rubiks-cube-opengl\RubiksCube\RubiksCube.cpp(130,3): warning C4305: 'initializing': truncation from 'double' to 'float'
D:\4.godina\RG\Projekat\2D_15Nov\rubiks-cube-opengl\RubiksCube\RubiksCube.cpp(130,11): warning C4305: 'initializing': truncation from 'double' to 'float'
D:\4.godina\RG\Projekat\2D_15Nov\rubiks-cube-opengl\RubiksCube\RubiksCube.cpp(134,11): warning C4305: 'initializing': truncation from 'double' to 'float'
D:\4.godina\RG\Projekat\2D_15Nov\rubiks-cube-opengl\RubiksCube\RubiksCube.cpp(135,11): warning C4305: 'initializing': truncation from 'double' to 'float'
D:\4.godina\RG\Projekat\2D_15Nov\rubiks-cube-opengl\RubiksCube\RubiksCube.cpp(136,3): warning C4305: 'initializing': truncation from 'double' to 'float'
D:\4.godina\RG\Projekat\2D_15Nov\rubiks-cube-opengl\RubiksCube\RubiksCube.cpp(136,11): warning C4305: 'initializing': truncation from 'double' to 'float'
D:\4.godina\RG\Projekat\2D_15Nov\rubiks-cube-opengl\RubiksCube\RubiksCube.cpp(137,3): warning C4305: 'initializing': truncation from 'double' to 'float'
D:\4.godina\RG\Projekat\2D_15Nov\rubiks-cube-opengl\RubiksCube\RubiksCube.cpp(137,11): warning C4305: 'initializing': truncation from 'double' to 'float'
D:\4.godina\RG\Projekat\2D_15Nov\rubiks-cube-opengl\RubiksCube\RubiksCube.cpp(141,11): warning C4305: 'initializing': truncation from 'double' to 'float'
D:\4.godina\RG\Projekat\2D_15Nov\rubiks-cube-opengl\RubiksCube\RubiksCube.cpp(142,11): warning C4305: 'initializing': truncation from 'double' to 'float'
D:\4.godina\RG\Projekat\2D_15Nov\rubiks-cube-opengl\RubiksCube\RubiksCube.cpp(143,3): warning C4305: 'initializing': truncation from 'double' to 'float'
D:\4.godina\RG\Projekat\2D_15Nov\rubiks-cube-opengl\RubiksCube\RubiksCube.cpp(143,11): warning C4305: 'initializing': truncation from 'double' to 'float'
D:\4.godina\RG\Projekat\2D_15Nov\rubiks-cube-opengl\RubiksCube\RubiksCube.cpp(144,3): warning C4305: 'initializing': truncation from 'double' to 'float'
D:\4.godina\RG\Projekat\2D_15Nov\rubiks-cube-opengl\RubiksCube\RubiksCube.cpp(144,11): warning C4305: 'initializing': truncation from 'double' to 'float'
D:\4.godina\RG\Projekat\2D_15Nov\rubiks-cube-opengl\RubiksCube\RubiksCube.cpp(148,11): warning C4305: 'initializing': truncation from 'double' to 'float'
D:\4.godina\RG\Projekat\2D_15Nov\rubiks-cube-opengl\RubiksCube\RubiksCube.cpp(149,11): warning C4305: 'initializing': truncation from 'double' to 'float'
D:\4.godina\RG\Projekat\2D_15Nov\rubiks-cube-opengl\RubiksCube\RubiksCube.cpp(150,3): warning C4305: 'initializing': truncation from 'double' to 'float'
D:\4.godina\RG\Projekat\2D_15Nov\rubiks-cube-opengl\RubiksCube\RubiksCube.cpp(150,11): warning C4305: 'initializing': truncation from 'double' to 'float'
D:\4.godina\RG\Projekat\2D_15Nov\rubiks-cube-opengl\RubiksCube\RubiksCube.cpp(151,3): warning C4305: 'initializing': truncation from 'double' to 'float'
D:\4.godina\RG\Projekat\2D_15Nov\rubiks-cube-opengl\RubiksCube\RubiksCube.cpp(151,11): warning C4305: 'initializing': truncation from 'double' to 'float'
D:\4.godina\RG\Projekat\2D_15Nov\rubiks-cube-opengl\RubiksCube\RubiksCube.cpp(155,11): warning C4305: 'initializing': truncation from 'double' to 'float'
D:\4.godina\RG\Projekat\2D_15Nov\rubiks-cube-opengl\RubiksCube\RubiksCube.cpp(156,11): warning C4305: 'initializing': truncation from 'double' to 'float'
D:\4.godina\RG\Projekat\2D_15Nov\rubiks-cube-opengl\RubiksCube\RubiksCube.cpp(157,3): warning C4305: 'initializing': truncation from 'double' to 'float'
D:\4.godina\RG\Projekat\2D_15Nov\rubiks-cube-opengl\RubiksCube\RubiksCube.cpp(157,11): warning C4305: 'initializing': truncation from 'double' to 'float'
D:\4.godina\RG\Projekat\2D_15Nov\rubiks-cube-opengl\RubiksCube\RubiksCube.cpp(158,3): warning C4305: 'initializing': truncation from 'double' to 'float'
D:\4.godina\RG\Projekat\2D_15Nov\rubiks-cube-opengl\RubiksCube\RubiksCube.cpp(158,11): warning C4305: 'initializing': truncation from 'double' to 'float'
D:\4.godina\RG\Projekat\2D_15Nov\rubiks-cube-opengl\RubiksCube\RubiksCube.cpp(162,11): warning C4305: 'initializing': truncation from 'double' to 'float'
D:\4.godina\RG\Projekat\2D_15Nov\rubiks-cube-opengl\RubiksCube\RubiksCube.cpp(163,11): warning C4305: 'initializing': truncation from 'double' to 'float'
D:\4.godina\RG\Projekat\2D_15Nov\rubiks-cube-opengl\RubiksCube\RubiksCube.cpp(164,3): warning C4305: 'initializing': truncation from 'double' to 'float'
D:\4.godina\RG\Projekat\2D_15Nov\rubiks-cube-opengl\RubiksCube\RubiksCube.cpp(164,11): warning C4305: 'initializing': truncation from 'double' to 'float'
D:\4.godina\RG\Projekat\2D_15Nov\rubiks-cube-opengl\RubiksCube\RubiksCube.cpp(165,3): warning C4305: 'initializing': truncation from 'double' to 'float'
D:\4.godina\RG\Projekat\2D_15Nov\rubiks-cube-opengl\RubiksCube\RubiksCube.cpp(165,11): warning C4305: 'initializing': truncation from 'double' to 'float'
D:\4.godina\RG\Projekat\2D_15Nov\rubiks-cube-opengl\RubiksCube\RubiksCube.cpp(440,11): warning C4305: '=': truncation from 'double' to 'float'
D:\4.godina\RG\Projekat\2D_15Nov\rubiks-cube-opengl\RubiksCube\RubiksCube.cpp(448,11): warning C4305: '=': truncation from 'double' to 'float'
D:\4.godina\RG\Projekat\2D_15Nov\rubiks-cube-opengl\RubiksCube\RubiksCube.cpp(453,11): warning C4305: '=': truncation from 'double' to 'float'
D:\4.godina\RG\Projekat\2D_15Nov\rubiks-cube-opengl\RubiksCube\RubiksCube.cpp(457,11): warning C4305: '=': truncation from 'double' to 'float'
D:\4.godina\RG\Projekat\2D_15Nov\rubiks-cube-opengl\RubiksCube\RubiksCube.cpp(465,12): warning C4305: '+=': truncation from 'double' to 'float'
D:\4.godina\RG\Projekat\2D_15Nov\rubiks-cube-opengl\RubiksCube\RubiksCube.cpp(470,11): warning C4305: '=': truncation from 'double' to 'float'
D:\4.godina\RG\Projekat\2D_15Nov\rubiks-cube-opengl\RubiksCube\RubiksCube.cpp(475,11): warning C4305: '=': truncation from 'double' to 'float'
D:\4.godina\RG\Projekat\2D_15Nov\rubiks-cube-opengl\RubiksCube\RubiksCube.cpp(480,11): warning C4305: '=': truncation from 'double' to 'float'
D:\4.godina\RG\Projekat\2D_15Nov\rubiks-cube-opengl\RubiksCube\RubiksCube.cpp(484,11): warning C4305: '=': truncation from 'double' to 'float'
D:\4.godina\RG\Projekat\2D_15Nov\rubiks-cube-opengl\RubiksCube\RubiksCube.cpp(490,11): warning C4305: '=': truncation from 'double' to 'float'
D:\4.godina\RG\Projekat\2D_15Nov\rubiks-cube-opengl\RubiksCube\RubiksCube.cpp(495,11): warning C4305: '=': truncation from 'double' to 'float'
D:\4.godina\RG\Projekat\2D_15Nov\rubiks-cube-opengl\RubiksCube\RubiksCube.cpp(500,11): warning C4305: '=': truncation from 'double' to 'float'
D:\4.godina\RG\Projekat\2D_15Nov\rubiks-cube-opengl\RubiksCube\RubiksCube.cpp(504,11): warning C4305: '=': truncation from 'double' to 'float'
D:\4.godina\RG\Projekat\2D_15Nov\rubiks-cube-opengl\RubiksCube\RubiksCube.cpp(516,11): warning C4305: '=': truncation from 'double' to 'float'
D:\4.godina\RG\Projekat\2D_15Nov\rubiks-cube-opengl\RubiksCube\RubiksCube.cpp(520,11): warning C4305: '=': truncation from 'double' to 'float'
D:\4.godina\RG\Projekat\2D_15Nov\rubiks-cube-opengl\RubiksCube\RubiksCube.cpp(526,11): warning C4305: '=': truncation from 'double' to 'float'
D:\4.godina\RG\Projekat\2D_15Nov\rubiks-cube-opengl\RubiksCube\RubiksCube.cpp(534,11): warning C4305: '=': truncation from 'double' to 'float'
D:\4.godina\RG\Projekat\2D_15Nov\rubiks-cube-opengl\RubiksCube\RubiksCube.cpp(539,12): warning C4305: '-=': truncation from 'double' to 'float'
D:\4.godina\RG\Projekat\2D_15Nov\rubiks-cube-opengl\RubiksCube\RubiksCube.cpp(545,11): warning C4305: '=': truncation from 'double' to 'float'
D:\4.godina\RG\Projekat\2D_15Nov\rubiks-cube-opengl\RubiksCube\RubiksCube.cpp(546,11): warning C4305: '=': truncation from 'double' to 'float'
D:\4.godina\RG\Projekat\2D_15Nov\rubiks-cube-opengl\RubiksCube\RubiksCube.cpp(552,11): warning C4305: '=': truncation from 'double' to 'float'
D:\4.godina\RG\Projekat\2D_15Nov\rubiks-cube-opengl\RubiksCube\RubiksCube.cpp(557,11): warning C4305: '=': truncation from 'double' to 'float'
D:\4.godina\RG\Projekat\2D_15Nov\rubiks-cube-opengl\RubiksCube\RubiksCube.cpp(558,11): warning C4305: '=': truncation from 'double' to 'float'
D:\4.godina\RG\Projekat\2D_15Nov\rubiks-cube-opengl\RubiksCube\RubiksCube.cpp(563,11): warning C4305: '=': truncation from 'double' to 'float'
D:\4.godina\RG\Projekat\2D_15Nov\rubiks-cube-opengl\RubiksCube\RubiksCube.cpp(569,11): warning C4305: '=': truncation from 'double' to 'float'
D:\4.godina\RG\Projekat\2D_15Nov\rubiks-cube-opengl\RubiksCube\RubiksCube.cpp(570,11): warning C4305: '=': truncation from 'double' to 'float'
D:\4.godina\RG\Projekat\2D_15Nov\rubiks-cube-opengl\RubiksCube\RubiksCube.cpp(576,11): warning C4305: '=': truncation from 'double' to 'float'
D:\4.godina\RG\Projekat\2D_15Nov\rubiks-cube-opengl\RubiksCube\RubiksCube.cpp(582,11): warning C4305: '=': truncation from 'double' to 'float'
D:\4.godina\RG\Projekat\2D_15Nov\rubiks-cube-opengl\RubiksCube\RubiksCube.cpp(583,11): warning C4305: '=': truncation from 'double' to 'float'
D:\4.godina\RG\Projekat\2D_15Nov\rubiks-cube-opengl\RubiksCube\RubiksCube.cpp(588,11): warning C4305: '=': truncation from 'double' to 'float'
D:\4.godina\RG\Projekat\2D_15Nov\rubiks-cube-opengl\RubiksCube\RubiksCube.cpp(596,12): warning C4305: '+=': truncation from 'double' to 'float'
D:\4.godina\RG\Projekat\2D_15Nov\rubiks-cube-opengl\RubiksCube\RubiksCube.cpp(598,12): warning C4305: '-=': truncation from 'double' to 'float'
D:\4.godina\RG\Projekat\2D_15Nov\rubiks-cube-opengl\RubiksCube\RubiksCube.cpp(606,11): warning C4305: '=': truncation from 'double' to 'float'
D:\4.godina\RG\Projekat\2D_15Nov\rubiks-cube-opengl\RubiksCube\RubiksCube.cpp(611,11): warning C4305: '=': truncation from 'double' to 'float'
D:\4.godina\RG\Projekat\2D_15Nov\rubiks-cube-opengl\RubiksCube\RubiksCube.cpp(615,11): warning C4305: '=': truncation from 'double' to 'float'
D:\4.godina\RG\Projekat\2D_15Nov\rubiks-cube-opengl\RubiksCube\RubiksCube.cpp(616,11): warning C4305: '=': truncation from 'double' to 'float'
D:\4.godina\RG\Projekat\2D_15Nov\rubiks-cube-opengl\RubiksCube\RubiksCube.cpp(621,11): warning C4305: '=': truncation from 'double' to 'float'
D:\4.godina\RG\Projekat\2D_15Nov\rubiks-cube-opengl\RubiksCube\RubiksCube.cpp(625,11): warning C4305: '=': truncation from 'double' to 'float'
D:\4.godina\RG\Projekat\2D_15Nov\rubiks-cube-opengl\RubiksCube\RubiksCube.cpp(626,11): warning C4305: '=': truncation from 'double' to 'float'
D:\4.godina\RG\Projekat\2D_15Nov\rubiks-cube-opengl\RubiksCube\RubiksCube.cpp(635,11): warning C4305: '=': truncation from 'double' to 'float'
D:\4.godina\RG\Projekat\2D_15Nov\rubiks-cube-opengl\RubiksCube\RubiksCube.cpp(643,12): warning C4305: '-=': truncation from 'double' to 'float'
D:\4.godina\RG\Projekat\2D_15Nov\rubiks-cube-opengl\RubiksCube\RubiksCube.cpp(645,12): warning C4305: '+=': truncation from 'double' to 'float'
D:\4.godina\RG\Projekat\2D_15Nov\rubiks-cube-opengl\RubiksCube\RubiksCube.cpp(649,11): warning C4305: '=': truncation from 'double' to 'float'
D:\4.godina\RG\Projekat\2D_15Nov\rubiks-cube-opengl\RubiksCube\RubiksCube.cpp(653,11): warning C4305: '=': truncation from 'double' to 'float'
D:\4.godina\RG\Projekat\2D_15Nov\rubiks-cube-opengl\RubiksCube\RubiksCube.cpp(654,11): warning C4305: '=': truncation from 'double' to 'float'
D:\4.godina\RG\Projekat\2D_15Nov\rubiks-cube-opengl\RubiksCube\RubiksCube.cpp(659,11): warning C4305: '=': truncation from 'double' to 'float'
D:\4.godina\RG\Projekat\2D_15Nov\rubiks-cube-opengl\RubiksCube\RubiksCube.cpp(663,11): warning C4305: '=': truncation from 'double' to 'float'
D:\4.godina\RG\Projekat\2D_15Nov\rubiks-cube-opengl\RubiksCube\RubiksCube.cpp(674,11): warning C4305: '=': truncation from 'double' to 'float'
D:\4.godina\RG\Projekat\2D_15Nov\rubiks-cube-opengl\RubiksCube\RubiksCube.cpp(683,11): warning C4305: '=': truncation from 'double' to 'float'
D:\4.godina\RG\Projekat\2D_15Nov\rubiks-cube-opengl\RubiksCube\RubiksCube.cpp(684,11): warning C4305: '=': truncation from 'double' to 'float'
D:\4.godina\RG\Projekat\2D_15Nov\rubiks-cube-opengl\RubiksCube\RubiksCube.cpp(691,11): warning C4305: '=': truncation from 'double' to 'float'
D:\4.godina\RG\Projekat\2D_15Nov\rubiks-cube-opengl\RubiksCube\RubiksCube.cpp(692,11): warning C4305: '=': truncation from 'double' to 'float'
D:\4.godina\RG\Projekat\2D_15Nov\rubiks-cube-opengl\RubiksCube\RubiksCube.cpp(696,11): warning C4305: '=': truncation from 'double' to 'float'
D:\4.godina\RG\Projekat\2D_15Nov\rubiks-cube-opengl\RubiksCube\RubiksCube.cpp(699,11): warning C4305: '=': truncation from 'double' to 'float'
D:\4.godina\RG\Projekat\2D_15Nov\rubiks-cube-opengl\RubiksCube\RubiksCube.cpp(700,11): warning C4305: '=': truncation from 'double' to 'float'
D:\4.godina\RG\Projekat\2D_15Nov\rubiks-cube-opengl\RubiksCube\RubiksCube.cpp(706,11): warning C4305: '=': truncation from 'double' to 'float'
D:\4.godina\RG\Projekat\2D_15Nov\rubiks-cube-opengl\RubiksCube\RubiksCube.cpp(709,11): warning C4305: '=': truncation from 'double' to 'float'
D:\4.godina\RG\Projekat\2D_15Nov\rubiks-cube-opengl\RubiksCube\RubiksCube.cpp(710,11): warning C4305: '=': truncation from 'double' to 'float'
D:\4.godina\RG\Projekat\2D_15Nov\rubiks-cube-opengl\RubiksCube\RubiksCube.cpp(713,11): warning C4305: '=': truncation from 'double' to 'float'
D:\4.godina\RG\Projekat\2D_15Nov\rubiks-cube-opengl\RubiksCube\RubiksCube.cpp(714,11): warning C4305: '=': truncation from 'double' to 'float'
D:\4.godina\RG\Projekat\2D_15Nov\rubiks-cube-opengl\RubiksCube\RubiksCube.cpp(719,12): warning C4305: '-=': truncation from 'double' to 'float'
D:\4.godina\RG\Projekat\2D_15Nov\rubiks-cube-opengl\RubiksCube\RubiksCube.cpp(725,11): warning C4305: '=': truncation from 'double' to 'float'
D:\4.godina\RG\Projekat\2D_15Nov\rubiks-cube-opengl\RubiksCube\RubiksCube.cpp(729,11): warning C4305: '=': truncation from 'double' to 'float'
D:\4.godina\RG\Projekat\2D_15Nov\rubiks-cube-opengl\RubiksCube\RubiksCube.cpp(730,11): warning C4305: '=': truncation from 'double' to 'float'
D:\4.godina\RG\Projekat\2D_15Nov\rubiks-cube-opengl\RubiksCube\RubiksCube.cpp(734,11): warning C4305: '=': truncation from 'double' to 'float'
D:\4.godina\RG\Projekat\2D_15Nov\rubiks-cube-opengl\RubiksCube\RubiksCube.cpp(739,11): warning C4305: '=': truncation from 'double' to 'float'
D:\4.godina\RG\Projekat\2D_15Nov\rubiks-cube-opengl\RubiksCube\RubiksCube.cpp(743,11): warning C4305: '=': truncation from 'double' to 'float'
D:\4.godina\RG\Projekat\2D_15Nov\rubiks-cube-opengl\RubiksCube\RubiksCube.cpp(747,11): warning C4305: '=': truncation from 'double' to 'float'
D:\4.godina\RG\Projekat\2D_15Nov\rubiks-cube-opengl\RubiksCube\RubiksCube.cpp(748,11): warning C4305: '=': truncation from 'double' to 'float'
D:\4.godina\RG\Projekat\2D_15Nov\rubiks-cube-opengl\RubiksCube\RubiksCube.cpp(752,11): warning C4305: '=': truncation from 'double' to 'float'
D:\4.godina\RG\Projekat\2D_15Nov\rubiks-cube-opengl\RubiksCube\RubiksCube.cpp(757,11): warning C4305: '=': truncation from 'double' to 'float'
D:\4.godina\RG\Projekat\2D_15Nov\rubiks-cube-opengl\RubiksCube\RubiksCube.cpp(765,11): warning C4305: '=': truncation from 'double' to 'float'
D:\4.godina\RG\Projekat\2D_15Nov\rubiks-cube-opengl\RubiksCube\RubiksCube.cpp(766,11): warning C4305: '=': truncation from 'double' to 'float'
D:\4.godina\RG\Projekat\2D_15Nov\rubiks-cube-opengl\RubiksCube\RubiksCube.cpp(769,11): warning C4305: '=': truncation from 'double' to 'float'
D:\4.godina\RG\Projekat\2D_15Nov\rubiks-cube-opengl\RubiksCube\RubiksCube.cpp(770,11): warning C4305: '=': truncation from 'double' to 'float'
D:\4.godina\RG\Projekat\2D_15Nov\rubiks-cube-opengl\RubiksCube\RubiksCube.cpp(774,11): warning C4305: '=': truncation from 'double' to 'float'
D:\4.godina\RG\Projekat\2D_15Nov\rubiks-cube-opengl\RubiksCube\RubiksCube.cpp(779,11): warning C4305: '=': truncation from 'double' to 'float'
D:\4.godina\RG\Projekat\2D_15Nov\rubiks-cube-opengl\RubiksCube\RubiksCube.cpp(780,11): warning C4305: '=': truncation from 'double' to 'float'
D:\4.godina\RG\Projekat\2D_15Nov\rubiks-cube-opengl\RubiksCube\RubiksCube.cpp(784,11): warning C4305: '=': truncation from 'double' to 'float'
D:\4.godina\RG\Projekat\2D_15Nov\rubiks-cube-opengl\RubiksCube\RubiksCube.cpp(787,11): warning C4305: '=': truncation from 'double' to 'float'
D:\4.godina\RG\Projekat\2D_15Nov\rubiks-cube-opengl\RubiksCube\RubiksCube.cpp(788,11): warning C4305: '=': truncation from 'double' to 'float'
D:\4.godina\RG\Projekat\2D_15Nov\rubiks-cube-opengl\RubiksCube\RubiksCube.cpp(792,12): warning C4305: '+=': truncation from 'double' to 'float'
D:\4.godina\RG\Projekat\2D_15Nov\rubiks-cube-opengl\RubiksCube\RubiksCube.cpp(798,11): warning C4305: '=': truncation from 'double' to 'float'
D:\4.godina\RG\Projekat\2D_15Nov\rubiks-cube-opengl\RubiksCube\RubiksCube.cpp(802,11): warning C4305: '=': truncation from 'double' to 'float'
D:\4.godina\RG\Projekat\2D_15Nov\rubiks-cube-opengl\RubiksCube\RubiksCube.cpp(803,11): warning C4305: '=': truncation from 'double' to 'float'
D:\4.godina\RG\Projekat\2D_15Nov\rubiks-cube-opengl\RubiksCube\RubiksCube.cpp(807,11): warning C4305: '=': truncation from 'double' to 'float'
D:\4.godina\RG\Projekat\2D_15Nov\rubiks-cube-opengl\RubiksCube\RubiksCube.cpp(812,11): warning C4305: '=': truncation from 'double' to 'float'
D:\4.godina\RG\Projekat\2D_15Nov\rubiks-cube-opengl\RubiksCube\RubiksCube.cpp(816,11): warning C4305: '=': truncation from 'double' to 'float'
D:\4.godina\RG\Projekat\2D_15Nov\rubiks-cube-opengl\RubiksCube\RubiksCube.cpp(817,11): warning C4305: '=': truncation from 'double' to 'float'
D:\4.godina\RG\Projekat\2D_15Nov\rubiks-cube-opengl\RubiksCube\RubiksCube.cpp(821,11): warning C4305: '=': truncation from 'double' to 'float'
D:\4.godina\RG\Projekat\2D_15Nov\rubiks-cube-opengl\RubiksCube\RubiksCube.cpp(822,11): warning C4305: '=': truncation from 'double' to 'float'
D:\4.godina\RG\Projekat\2D_15Nov\rubiks-cube-opengl\RubiksCube\RubiksCube.cpp(826,11): warning C4305: '=': truncation from 'double' to 'float'
D:\4.godina\RG\Projekat\2D_15Nov\rubiks-cube-opengl\RubiksCube\RubiksCube.cpp(827,11): warning C4305: '=': truncation from 'double' to 'float'
D:\4.godina\RG\Projekat\2D_15Nov\rubiks-cube-opengl\RubiksCube\RubiksCube.cpp(832,11): warning C4305: '=': truncation from 'double' to 'float'
D:\4.godina\RG\Projekat\2D_15Nov\rubiks-cube-opengl\RubiksCube\RubiksCube.cpp(849,11): warning C4305: '=': truncation from 'double' to 'float'
D:\4.godina\RG\Projekat\2D_15Nov\rubiks-cube-opengl\RubiksCube\RubiksCube.cpp(852,11): warning C4305: '=': truncation from 'double' to 'float'
D:\4.godina\RG\Projekat\2D_15Nov\rubiks-cube-opengl\RubiksCube\RubiksCube.cpp(853,11): warning C4305: '=': truncation from 'double' to 'float'
D:\4.godina\RG\Projekat\2D_15Nov\rubiks-cube-opengl\RubiksCube\RubiksCube.cpp(857,11): warning C4305: '=': truncation from 'double' to 'float'
D:\4.godina\RG\Projekat\2D_15Nov\rubiks-cube-opengl\RubiksCube\RubiksCube.cpp(861,11): warning C4305: '=': truncation from 'double' to 'float'
D:\4.godina\RG\Projekat\2D_15Nov\rubiks-cube-opengl\RubiksCube\RubiksCube.cpp(865,11): warning C4305: '=': truncation from 'double' to 'float'
D:\4.godina\RG\Projekat\2D_15Nov\rubiks-cube-opengl\RubiksCube\RubiksCube.cpp(869,11): warning C4305: '=': truncation from 'double' to 'float'
D:\4.godina\RG\Projekat\2D_15Nov\rubiks-cube-opengl\RubiksCube\RubiksCube.cpp(870,11): warning C4305: '=': truncation from 'double' to 'float'
D:\4.godina\RG\Projekat\2D_15Nov\rubiks-cube-opengl\RubiksCube\RubiksCube.cpp(876,11): warning C4305: '=': truncation from 'double' to 'float'
D:\4.godina\RG\Projekat\2D_15Nov\rubiks-cube-opengl\RubiksCube\RubiksCube.cpp(877,11): warning C4305: '=': truncation from 'double' to 'float'
D:\4.godina\RG\Projekat\2D_15Nov\rubiks-cube-opengl\RubiksCube\RubiksCube.cpp(882,11): warning C4305: '=': truncation from 'double' to 'float'
D:\4.godina\RG\Projekat\2D_15Nov\rubiks-cube-opengl\RubiksCube\RubiksCube.cpp(886,11): warning C4305: '=': truncation from 'double' to 'float'
D:\4.godina\RG\Projekat\2D_15Nov\rubiks-cube-opengl\RubiksCube\RubiksCube.cpp(887,11): warning C4305: '=': truncation from 'double' to 'float'
D:\4.godina\RG\Projekat\2D_15Nov\rubiks-cube-opengl\RubiksCube\RubiksCube.cpp(897,11): warning C4305: '=': truncation from 'double' to 'float'
D:\4.godina\RG\Projekat\2D_15Nov\rubiks-cube-opengl\RubiksCube\RubiksCube.cpp(902,11): warning C4305: '=': truncation from 'double' to 'float'
D:\4.godina\RG\Projekat\2D_15Nov\rubiks-cube-opengl\RubiksCube\RubiksCube.cpp(906,11): warning C4305: '=': truncation from 'double' to 'float'
D:\4.godina\RG\Projekat\2D_15Nov\rubiks-cube-opengl\RubiksCube\RubiksCube.cpp(907,11): warning C4305: '=': truncation from 'double' to 'float'
D:\4.godina\RG\Projekat\2D_15Nov\rubiks-cube-opengl\RubiksCube\RubiksCube.cpp(912,11): warning C4305: '=': truncation from 'double' to 'float'
D:\4.godina\RG\Projekat\2D_15Nov\rubiks-cube-opengl\RubiksCube\RubiksCube.cpp(916,11): warning C4305: '=': truncation from 'double' to 'float'
D:\4.godina\RG\Projekat\2D_15Nov\rubiks-cube-opengl\RubiksCube\RubiksCube.cpp(917,11): warning C4305: '=': truncation from 'double' to 'float'
D:\4.godina\RG\Projekat\2D_15Nov\rubiks-cube-opengl\RubiksCube\RubiksCube.cpp(922,11): warning C4305: '=': truncation from 'double' to 'float'
D:\4.godina\RG\Projekat\2D_15Nov\rubiks-cube-opengl\RubiksCube\RubiksCube.cpp(927,11): warning C4305: '=': truncation from 'double' to 'float'
D:\4.godina\RG\Projekat\2D_15Nov\rubiks-cube-opengl\RubiksCube\RubiksCube.cpp(1044,48): warning C4267: 'argument': conversion from 'size_t' to 'GLsizei', possible loss of data
  RubiksCube.vcxproj -> D:\4.godina\RG\Projekat\2D_15Nov\rubiks-cube-opengl\RubiksCube\x64\Debug\RubiksCube.exe
